\BOOKMARK [1][-]{section.1}{\376\377\016\032\016\027\016\031\016\063}{}% 1
\BOOKMARK [1][-]{section.2}{\376\377\016\007\016\062\016\031\016\047\016\064\016\010\016\061\016\042\016\027\016\065\016\110\016\100\016\001\016\065\016\110\016\042\016\047\016\002\016\111\016\055\016\007\000:\000\040\016\047\016\064\016\030\016\065\016\001\016\062\016\043\000\040\000B\000L\000O\000C\000K\000B\000E\000N\000C\000H}{}% 2
\BOOKMARK [1][-]{section.3}{\376\377\016\052\016\026\016\062\016\033\016\061\016\025\016\042\016\001\016\043\016\043\016\041\016\043\016\060\016\032\016\032\000\040\000G\000r\000i\000d\000T\000o\000k\000e\000n\000X}{}% 3
\BOOKMARK [1][-]{section.4}{\376\377\016\043\016\060\016\100\016\032\016\065\016\042\016\032\016\047\016\064\016\030\016\065\016\047\016\064\016\010\016\061\016\042}{}% 4
\BOOKMARK [2][-]{subsection.4.1}{\376\377\016\001\016\062\016\043\016\100\016\027\016\065\016\042\016\032\016\100\016\004\016\065\016\042\016\007\000\040\000T\000P\000C\000-\000C\000\040\000\050\000T\000P\000C\000-\000C\000\040\000M\000a\000p\000p\000i\000n\000g\000\051}{section.4}% 5
\BOOKMARK [2][-]{subsection.4.2}{\376\377\016\101\016\032\016\032\016\010\016\063\016\045\016\055\016\007\016\027\016\062\016\007\016\004\016\023\016\064\016\025\016\050\016\062\016\052\016\025\016\043\016\114}{section.4}% 6
\BOOKMARK [3][-]{subsubsection.4.2.1}{\376\377\016\001\016\045\016\104\016\001\016\001\016\062\016\043\016\004\016\111\016\031\016\053\016\062\016\043\016\062\016\004\016\062\016\101\016\045\016\060\000\040\000G\000r\000e\000e\000n\000\040\000P\000r\000e\000m\000i\000u\000m}{subsection.4.2}% 7
\BOOKMARK [3][-]{subsubsection.4.2.2}{\376\377\016\025\016\043\016\043\016\001\016\060\016\001\016\062\016\043\016\010\016\061\016\032\016\004\016\071\016\110\016\004\016\063\016\052\016\061\016\110\016\007\016\013\016\067\016\111\016\055\016\002\016\062\016\042\016\033\016\043\016\064\016\041\016\062\016\023\016\041\016\062\016\001\000\040\000\050\000B\000u\000l\000k\000\040\000T\000r\000a\000d\000e\000\040\000S\000p\000l\000i\000t\000t\000i\000n\000g\000\051}{subsection.4.2}% 8
\BOOKMARK [3][-]{subsubsection.4.2.3}{\376\377\016\001\016\016\016\001\016\062\016\043\016\055\016\031\016\070\016\043\016\061\016\001\016\051\016\114\016\102\016\027\016\100\016\004\016\107\016\031}{subsection.4.2}% 9
\BOOKMARK [3][-]{subsubsection.4.2.4}{\376\377\016\001\016\062\016\043\016\033\016\043\016\061\016\032\016\033\016\043\016\070\016\007\016\033\016\043\016\060\016\052\016\064\016\027\016\030\016\064\016\040\016\062\016\036\016\043\016\060\016\032\016\032}{subsection.4.2}% 10
\BOOKMARK [1][-]{section.5}{\376\377\016\001\016\062\016\043\016\025\016\061\016\111\016\007\016\004\016\110\016\062\016\001\016\062\016\043\016\027\016\024\016\045\016\055\016\007}{}% 11
\BOOKMARK [1][-]{section.6}{\376\377\016\001\016\062\016\043\016\033\016\043\016\060\016\100\016\041\016\064\016\031\016\033\016\043\016\060\016\052\016\064\016\027\016\030\016\064\016\040\016\062\016\036}{}% 12
\BOOKMARK [2][-]{subsection.6.1}{\376\377\016\001\016\062\016\043\016\047\016\064\016\100\016\004\016\043\016\062\016\060\016\053\016\114\016\012\016\061\016\111\016\031\000\040\000B\000L\000O\000C\000K\000B\000E\000N\000C\000H}{section.6}% 13
\BOOKMARK [2][-]{subsection.6.2}{\376\377\016\034\016\045\016\045\016\061\016\036\016\030\016\114\000\040\000Y\000C\000S\000B\000\040\000W\000o\000r\000k\000l\000o\000a\000d}{section.6}% 14
\BOOKMARK [2][-]{subsection.6.3}{\376\377\016\001\016\062\016\043\016\047\016\064\016\100\016\004\016\043\016\062\016\060\016\053\016\114\016\033\016\043\016\064\016\041\016\062\016\023\016\007\016\062\016\031\000\040\000T\000P\000C\000-\000C}{section.6}% 15
\BOOKMARK [2][-]{subsection.6.4}{\376\377\016\034\016\045\016\045\016\061\016\036\016\030\016\114\000\040\000T\000P\000C\000-\000E\000\040\016\101\016\045\016\060\000\040\000T\000P\000C\000-\000H}{section.6}% 16
\BOOKMARK [2][-]{subsection.6.5}{\376\377\016\001\016\062\016\043\016\047\016\064\016\100\016\004\016\043\016\062\016\060\016\053\016\114\016\004\016\047\016\062\016\041\016\053\016\031\016\110\016\047\016\007}{section.6}% 17
\BOOKMARK [2][-]{subsection.6.6}{\376\377\016\001\016\062\016\043\016\047\016\064\016\100\016\004\016\043\016\062\016\060\016\053\016\114\000\040\000C\000o\000n\000c\000u\000r\000r\000e\000n\000c\000y}{section.6}% 18
\BOOKMARK [2][-]{subsection.6.7}{\376\377\016\001\016\062\016\043\016\047\016\064\016\100\016\004\016\043\016\062\016\060\016\053\016\114\016\004\016\047\016\062\016\041\016\052\016\062\016\041\016\062\016\043\016\026\016\103\016\031\016\001\016\062\016\043\016\002\016\042\016\062\016\042\016\025\016\061\016\047}{section.6}% 19
\BOOKMARK [2][-]{subsection.6.8}{\376\377\016\001\016\062\016\043\016\033\016\043\016\060\016\100\016\041\016\064\016\031\016\033\016\043\016\060\016\052\016\064\016\027\016\030\016\064\016\040\016\062\016\036\016\040\016\062\016\042\016\103\016\025\016\111\016\055\016\062\016\023\016\061\016\025\016\064\016\101\016\053\016\110\016\007\016\004\016\047\016\062\016\041\016\100\016\033\016\107\016\031\016\052\016\110\016\047\016\031\016\025\016\061\016\047}{section.6}% 20
\BOOKMARK [2][-]{subsection.6.9}{\376\377\016\001\016\062\016\043\016\025\016\043\016\047\016\010\016\052\016\055\016\032\016\043\016\060\016\032\016\032\016\101\016\032\016\032\000\040\000F\000u\000l\000l\000-\000S\000t\000a\000c\000k\000\040\000\050\000S\000y\000s\000t\000e\000m\000-\000L\000e\000v\000e\000l\000\040\000V\000e\000r\000i\000f\000i\000c\000a\000t\000i\000o\000n\000\051}{section.6}% 21
\BOOKMARK [2][-]{subsection.6.10}{\376\377\016\001\016\062\016\043\016\100\016\033\016\043\016\065\016\042\016\032\016\100\016\027\016\065\016\042\016\032\016\002\016\111\016\062\016\041\016\101\016\036\016\045\016\025\016\037\016\055\016\043\016\114\016\041}{section.6}% 22
\BOOKMARK [2][-]{subsection.6.11}{\376\377\000"\000T\000r\000u\000s\000t\000\040\000P\000r\000e\000m\000i\000u\000m\000"}{section.6}% 23
\BOOKMARK [2][-]{subsection.6.12}{\376\377\016\052\016\043\016\070\016\033\016\034\016\045\016\045\016\061\016\036\016\030\016\114\000\040\000B\000e\000n\000c\000h\000m\000a\000r\000k}{section.6}% 24
\BOOKMARK [1][-]{section.7}{\376\377\016\001\016\043\016\055\016\032\016\001\016\062\016\043\016\033\016\043\016\060\016\100\016\041\016\064\016\031\016\002\016\111\016\062\016\041\016\101\016\036\016\045\016\025\016\037\016\055\016\043\016\114\016\041}{}% 25
\BOOKMARK [2][-]{subsection.7.1}{\376\377\016\001\016\062\016\043\016\036\016\061\016\022\016\031\016\062\000\040\000S\000m\000a\000r\000t\000\040\000C\000o\000n\000t\000r\000a\000c\000t\000\040\016\027\016\065\016\110\016\100\016\027\016\065\016\042\016\032\016\100\016\027\016\110\016\062}{section.7}% 26
\BOOKMARK [2][-]{subsection.7.2}{\376\377\016\102\016\033\016\043\016\104\016\037\016\045\016\114\016\001\016\062\016\043\016\033\016\111\016\055\016\031\016\040\016\062\016\043\016\060\016\007\016\062\016\031\000\040\000\050\000W\000o\000r\000k\000l\000o\000a\000d\000\040\000I\000n\000j\000e\000c\000t\000i\000o\000n\000\040\000P\000r\000o\000f\000i\000l\000e\000\051}{section.7}% 27
\BOOKMARK [2][-]{subsection.7.3}{\376\377\016\001\016\062\016\043\016\033\016\043\016\061\016\032\016\020\016\062\016\031\016\100\016\041\016\025\016\043\016\064\016\001\000\040\000\050\000M\000e\000t\000r\000i\000c\000\040\000N\000o\000r\000m\000a\000l\000i\000z\000a\000t\000i\000o\000n\000\051}{section.7}% 28
\BOOKMARK [1][-]{section.8}{\376\377\016\032\016\027\016\052\016\043\016\070\016\033}{}% 29
\BOOKMARK [1][-]{section*.1}{\376\377\016\053\016\031\016\061\016\007\016\052\016\067\016\055\016\055\016\111\016\062\016\007\016\055\016\064\016\007}{}% 30
